=====================================
🤖 Bienvenido a tu Servidor, Administrador.
=====================================

📅 La fecha y hora actual del sistema es:
Mon Mar 23 06:04:01 UTC 2026

💾 El estado de la memoria RAM es:
               total        used        free      shared  buff/cache   available
Mem:            7943        3043         174          62        5104        4900
Swap:              0           0           0

✅ Chequeo completado.
=====================================
🤖 Bienvenido a tu Servidor, Administrador.
=====================================

📅 La fecha y hora actual del sistema es:
Mon Mar 23 06:05:01 UTC 2026

💾 El estado de la memoria RAM es:
               total        used        free      shared  buff/cache   available
Mem:            7943        3033         182          62        5105        4909
Swap:              0           0           0

✅ Chequeo completado.
=====================================
🤖 Bienvenido a tu Servidor, Administrador.
=====================================

📅 La fecha y hora actual del sistema es:
Mon Mar 23 06:06:01 UTC 2026

💾 El estado de la memoria RAM es:
               total        used        free      shared  buff/cache   available
Mem:            7943        3051         158          62        5111        4891
Swap:              0           0           0

✅ Chequeo completado.
